2026-02-14 03:53:36,014 - RevenueOrchestrator - INFO - Revenue Orchestrator initialized in Level-1 Safe Mode
2026-02-14 03:53:36,015 - RevenueOrchestrator - INFO - Generating revenue proposals...
2026-02-14 03:53:53,770 - RevenueOrchestrator - INFO - Revenue Orchestrator initialized in Level-1 Safe Mode
2026-02-14 03:53:53,770 - RevenueOrchestrator - INFO - Generating revenue proposals...
2026-02-14 03:53:53,770 - RevenueOrchestrator - INFO - Generating content farm proposals...
2026-02-14 03:53:53,781 - BlogGenerator - INFO - Not enough commits (2 < 5) for blog post
2026-02-14 03:53:53,788 - DocGenerator - INFO - Generated API reference proposal
2026-02-14 03:53:53,788 - DocGenerator - INFO - Generated tutorial series proposal
2026-02-14 03:53:53,788 - DocGenerator - INFO - Generated integration cookbook proposal
2026-02-14 03:53:53,788 - RevenueOrchestrator - INFO - Generating action marketplace proposals...
2026-02-14 03:53:53,791 - ActionPackager - INFO - Generated action proposal: lord-monitor
2026-02-14 03:53:53,791 - ActionPackager - INFO - Generated action proposal: cognitive-health-check
2026-02-14 03:53:53,791 - ActionPackager - INFO - Generated action proposal: autonomous-pr-review
2026-02-14 03:53:53,791 - ActionPackager - INFO - Generated action proposal: training-data-export
2026-02-14 03:53:53,791 - ActionPackager - INFO - Generated action proposal: revenue-report
2026-02-14 03:53:53,791 - RevenueOrchestrator - INFO - Generating training data proposals...
2026-02-14 03:53:53,810 - DataPackager - INFO - Generated training data proposal: repo_evolution
2026-02-14 03:53:53,812 - DataPackager - WARNING - No data available for consciousness_metrics
2026-02-14 03:53:56,116 - DataPackager - WARNING - No data available for collaboration_patterns
2026-02-14 03:53:56,117 - RevenueOrchestrator - INFO - Generating product wiring proposals...
2026-02-14 03:53:56,119 - ProductMeta - INFO - Generated 5 product wiring proposals
2026-02-14 03:53:56,121 - RevenueOrchestrator - INFO - Saved 14 proposals to revenue_farm/proposals/proposals_20260214_035356.json
2026-02-14 03:53:56,121 - RevenueOrchestrator - INFO - Generated proposal summary: revenue_farm/proposals/summary_20260214_035356.md
2026-02-14 03:56:39,739 - RevenueOrchestrator - INFO - Revenue Orchestrator initialized in Level-1 Safe Mode
2026-02-14 03:56:39,739 - RevenueOrchestrator - INFO - Revenue Orchestrator initialized in Level-1 Safe Mode
